# JRE version: OpenJDK Runtime Environment Temurin-21.0.8+9 (21.0.8+9) (build 21.0.8+9-LTS)
# Java VM: OpenJDK 64-Bit Server VM Temurin-21.0.8+9 (21.0.8+9-LTS, mixed mode, sharing, tiered, compressed oops, compressed class ptrs, parallel gc, windows-amd64)
GC Precious Log:
 CardTable entry size: 512
 CPUs: 16 total, 16 available
 Memory: 16068M
 Large Page Support: Disabled
 NUMA Support: Disabled
 Compressed Oops: Enabled (32-bit)
 Alignments: Space 512K, Generation 512K, Heap 2M
 Heap Min Capacity: 100M
 Heap Initial Capacity: 100M
 Heap Max Capacity: 2G
 Pre-touch: Disabled
 Parallel Workers: 13
Heap:
 PSYoungGen      total 25600K, used 9759K [0x00000000d5580000, 0x00000000d8080000, 0x0000000100000000)
  eden space 18944K, 16% used [0x00000000d5580000,0x00000000d58a4c68,0x00000000d6800000)
  from space 6656K, 98% used [0x00000000d7a00000,0x00000000d80632e0,0x00000000d8080000)
  to   space 10240K, 0% used [0x00000000d6c80000,0x00000000d6c80000,0x00000000d7680000)
 ParOldGen       total 118272K, used 118224K [0x0000000080000000, 0x0000000087380000, 0x00000000d5580000)
  object space 118272K, 99% used [0x0000000080000000,0x00000000873740b0,0x0000000087380000)
 Metaspace       used 53005K, committed 54208K, reserved 1114112K
  class space    used 5786K, committed 6272K, reserved 1048576K
GC Heap History (20 events):
Event: 5.896 GC heap before
{Heap before GC invocations=23 (full 2):
 PSYoungGen      total 23552K, used 23385K [0x00000000d5580000, 0x00000000d6f80000, 0x0000000100000000)
  eden space 22016K, 100% used [0x00000000d5580000,0x00000000d6b00000,0x00000000d6b00000)
  from space 1536K, 89% used [0x00000000d6e00000,0x00000000d6f565e0,0x00000000d6f80000)
  to   space 2048K, 0% used [0x00000000d6b80000,0x00000000d6b80000,0x00000000d6d80000)
 ParOldGen       total 68608K, used 24093K [0x0000000080000000, 0x0000000084300000, 0x00000000d5580000)
  object space 68608K, 35% used [0x0000000080000000,0x00000000817877f8,0x0000000084300000)
 Metaspace       used 50003K, committed 51072K, reserved 1114112K
  class space    used 5477K, committed 5952K, reserved 1048576K
}
Event: 5.898 GC heap after
{Heap after GC invocations=23 (full 2):
 PSYoungGen      total 24064K, used 2025K [0x00000000d5580000, 0x00000000d7700000, 0x0000000100000000)
  eden space 22016K, 0% used [0x00000000d5580000,0x00000000d5580000,0x00000000d6b00000)
  from space 2048K, 98% used [0x00000000d6b80000,0x00000000d6d7a6a0,0x00000000d6d80000)
  to   space 6144K, 0% used [0x00000000d7100000,0x00000000d7100000,0x00000000d7700000)
 ParOldGen       total 68608K, used 27143K [0x0000000080000000, 0x0000000084300000, 0x00000000d5580000)
  object space 68608K, 39% used [0x0000000080000000,0x0000000081a81da8,0x0000000084300000)
 Metaspace       used 50003K, committed 51072K, reserved 1114112K
  class space    used 5477K, committed 5952K, reserved 1048576K
}
Event: 5.939 GC heap before
{Heap before GC invocations=24 (full 2):
 PSYoungGen      total 24064K, used 24041K [0x00000000d5580000, 0x00000000d7700000, 0x0000000100000000)
  eden space 22016K, 100% used [0x00000000d5580000,0x00000000d6b00000,0x00000000d6b00000)
  from space 2048K, 98% used [0x00000000d6b80000,0x00000000d6d7a6a0,0x00000000d6d80000)
  to   space 6144K, 0% used [0x00000000d7100000,0x00000000d7100000,0x00000000d7700000)
 ParOldGen       total 68608K, used 27143K [0x0000000080000000, 0x0000000084300000, 0x00000000d5580000)
  object space 68608K, 39% used [0x0000000080000000,0x0000000081a81da8,0x0000000084300000)
 Metaspace       used 50073K, committed 51200K, reserved 1114112K
  class space    used 5482K, committed 5952K, reserved 1048576K
}
Event: 5.941 GC heap after
{Heap after GC invocations=24 (full 2):
 PSYoungGen      total 25088K, used 6128K [0x00000000d5580000, 0x00000000d7d00000, 0x0000000100000000)
  eden space 18944K, 0% used [0x00000000d5580000,0x00000000d5580000,0x00000000d6800000)
  from space 6144K, 99% used [0x00000000d7100000,0x00000000d76fc018,0x00000000d7700000)
  to   space 9216K, 0% used [0x00000000d6800000,0x00000000d6800000,0x00000000d7100000)
 ParOldGen       total 68608K, used 29179K [0x0000000080000000, 0x0000000084300000, 0x00000000d5580000)
  object space 68608K, 42% used [0x0000000080000000,0x0000000081c7ef90,0x0000000084300000)
 Metaspace       used 50073K, committed 51200K, reserved 1114112K
  class space    used 5482K, committed 5952K, reserved 1048576K
}
Event: 5.976 GC heap before
{Heap before GC invocations=25 (full 2):
 PSYoungGen      total 25088K, used 25072K [0x00000000d5580000, 0x00000000d7d00000, 0x0000000100000000)
  eden space 18944K, 100% used [0x00000000d5580000,0x00000000d6800000,0x00000000d6800000)
  from space 6144K, 99% used [0x00000000d7100000,0x00000000d76fc018,0x00000000d7700000)
  to   space 9216K, 0% used [0x00000000d6800000,0x00000000d6800000,0x00000000d7100000)
 ParOldGen       total 68608K, used 29179K [0x0000000080000000, 0x0000000084300000, 0x00000000d5580000)
  object space 68608K, 42% used [0x0000000080000000,0x0000000081c7ef90,0x0000000084300000)
 Metaspace       used 50095K, committed 51200K, reserved 1114112K
  class space    used 5482K, committed 5952K, reserved 1048576K
}
Event: 5.978 GC heap after
{Heap after GC invocations=25 (full 2):
 PSYoungGen      total 23040K, used 3776K [0x00000000d5580000, 0x00000000d7300000, 0x0000000100000000)
  eden space 18944K, 0% used [0x00000000d5580000,0x00000000d5580000,0x00000000d6800000)
  from space 4096K, 92% used [0x00000000d6800000,0x00000000d6bb0000,0x00000000d6c00000)
  to   space 5632K, 0% used [0x00000000d6d80000,0x00000000d6d80000,0x00000000d7300000)
 ParOldGen       total 68608K, used 31716K [0x0000000080000000, 0x0000000084300000, 0x00000000d5580000)
  object space 68608K, 46% used [0x0000000080000000,0x0000000081ef9320,0x0000000084300000)
 Metaspace       used 50095K, committed 51200K, reserved 1114112K
  class space    used 5482K, committed 5952K, reserved 1048576K
}
Event: 6.116 GC heap before
{Heap before GC invocations=26 (full 2):
 PSYoungGen      total 23040K, used 22720K [0x00000000d5580000, 0x00000000d7300000, 0x0000000100000000)
  eden space 18944K, 100% used [0x00000000d5580000,0x00000000d6800000,0x00000000d6800000)
  from space 4096K, 92% used [0x00000000d6800000,0x00000000d6bb0000,0x00000000d6c00000)
  to   space 5632K, 0% used [0x00000000d6d80000,0x00000000d6d80000,0x00000000d7300000)
 ParOldGen       total 68608K, used 31732K [0x0000000080000000, 0x0000000084300000, 0x00000000d5580000)
  object space 68608K, 46% used [0x0000000080000000,0x0000000081efd200,0x0000000084300000)
 Metaspace       used 50598K, committed 51712K, reserved 1114112K
  class space    used 5540K, committed 6016K, reserved 1048576K
}
Event: 6.117 GC heap after
{Heap after GC invocations=26 (full 2):
 PSYoungGen      total 19968K, used 684K [0x00000000d5580000, 0x00000000d6e80000, 0x0000000100000000)
  eden space 18944K, 0% used [0x00000000d5580000,0x00000000d5580000,0x00000000d6800000)
  from space 1024K, 66% used [0x00000000d6d80000,0x00000000d6e2b0a8,0x00000000d6e80000)
  to   space 2560K, 0% used [0x00000000d6980000,0x00000000d6980000,0x00000000d6c00000)
 ParOldGen       total 68608K, used 32144K [0x0000000080000000, 0x0000000084300000, 0x00000000d5580000)
  object space 68608K, 46% used [0x0000000080000000,0x0000000081f64278,0x0000000084300000)
 Metaspace       used 50598K, committed 51712K, reserved 1114112K
  class space    used 5540K, committed 6016K, reserved 1048576K
}
Event: 6.462 GC heap before
{Heap before GC invocations=27 (full 2):
 PSYoungGen      total 19968K, used 19628K [0x00000000d5580000, 0x00000000d6e80000, 0x0000000100000000)
  eden space 18944K, 100% used [0x00000000d5580000,0x00000000d6800000,0x00000000d6800000)
  from space 1024K, 66% used [0x00000000d6d80000,0x00000000d6e2b0a8,0x00000000d6e80000)
  to   space 2560K, 0% used [0x00000000d6980000,0x00000000d6980000,0x00000000d6c00000)
 ParOldGen       total 91136K, used 82890K [0x0000000080000000, 0x0000000085900000, 0x00000000d5580000)
  object space 91136K, 90% used [0x0000000080000000,0x00000000850f28e8,0x0000000085900000)
 Metaspace       used 52327K, committed 53568K, reserved 1114112K
  class space    used 5730K, committed 6208K, reserved 1048576K
}
Event: 6.464 GC heap after
{Heap after GC invocations=27 (full 2):
 PSYoungGen      total 21504K, used 2213K [0x00000000d5580000, 0x00000000d6e00000, 0x0000000100000000)
  eden space 18944K, 0% used [0x00000000d5580000,0x00000000d5580000,0x00000000d6800000)
  from space 2560K, 86% used [0x00000000d6980000,0x00000000d6ba96e0,0x00000000d6c00000)
  to   space 2048K, 0% used [0x00000000d6c00000,0x00000000d6c00000,0x00000000d6e00000)
 ParOldGen       total 91136K, used 83302K [0x0000000080000000, 0x0000000085900000, 0x00000000d5580000)
  object space 91136K, 91% used [0x0000000080000000,0x0000000085159ae0,0x0000000085900000)
 Metaspace       used 52327K, committed 53568K, reserved 1114112K
  class space    used 5730K, committed 6208K, reserved 1048576K
}
Event: 6.526 GC heap before
{Heap before GC invocations=28 (full 2):
 PSYoungGen      total 21504K, used 21157K [0x00000000d5580000, 0x00000000d6e00000, 0x0000000100000000)
  eden space 18944K, 100% used [0x00000000d5580000,0x00000000d6800000,0x00000000d6800000)
  from space 2560K, 86% used [0x00000000d6980000,0x00000000d6ba96e0,0x00000000d6c00000)
  to   space 2048K, 0% used [0x00000000d6c00000,0x00000000d6c00000,0x00000000d6e00000)
 ParOldGen       total 91136K, used 83302K [0x0000000080000000, 0x0000000085900000, 0x00000000d5580000)
  object space 91136K, 91% used [0x0000000080000000,0x0000000085159ae0,0x0000000085900000)
 Metaspace       used 52348K, committed 53568K, reserved 1114112K
  class space    used 5732K, committed 6208K, reserved 1048576K
}
Event: 6.533 GC heap after
{Heap after GC invocations=28 (full 2):
 PSYoungGen      total 7168K, used 2048K [0x00000000d5580000, 0x00000000d8b00000, 0x0000000100000000)
  eden space 5120K, 0% used [0x00000000d5580000,0x00000000d5580000,0x00000000d5a80000)
  from space 2048K, 100% used [0x00000000d6c00000,0x00000000d6e00000,0x00000000d6e00000)
  to   space 17920K, 0% used [0x00000000d5a80000,0x00000000d5a80000,0x00000000d6c00000)
 ParOldGen       total 96768K, used 96403K [0x0000000080000000, 0x0000000085e80000, 0x00000000d5580000)
  object space 96768K, 99% used [0x0000000080000000,0x0000000085e24dc8,0x0000000085e80000)
 Metaspace       used 52348K, committed 53568K, reserved 1114112K
  class space    used 5732K, committed 6208K, reserved 1048576K
}
Event: 6.557 GC heap before
{Heap before GC invocations=29 (full 2):
 PSYoungGen      total 7168K, used 7168K [0x00000000d5580000, 0x00000000d8b00000, 0x0000000100000000)
  eden space 5120K, 100% used [0x00000000d5580000,0x00000000d5a80000,0x00000000d5a80000)
  from space 2048K, 100% used [0x00000000d6c00000,0x00000000d6e00000,0x00000000d6e00000)
  to   space 17920K, 0% used [0x00000000d5a80000,0x00000000d5a80000,0x00000000d6c00000)
 ParOldGen       total 96768K, used 96403K [0x0000000080000000, 0x0000000085e80000, 0x00000000d5580000)
  object space 96768K, 99% used [0x0000000080000000,0x0000000085e24de0,0x0000000085e80000)
 Metaspace       used 52349K, committed 53568K, reserved 1114112K
  class space    used 5732K, committed 6208K, reserved 1048576K
}
Event: 6.559 GC heap after
{Heap after GC invocations=29 (full 2):
 PSYoungGen      total 23040K, used 3744K [0x00000000d5580000, 0x00000000d7800000, 0x0000000100000000)
  eden space 5120K, 0% used [0x00000000d5580000,0x00000000d5580000,0x00000000d5a80000)
  from space 17920K, 20% used [0x00000000d5a80000,0x00000000d5e28000,0x00000000d6c00000)
  to   space 8192K, 0% used [0x00000000d7000000,0x00000000d7000000,0x00000000d7800000)
 ParOldGen       total 98816K, used 98523K [0x0000000080000000, 0x0000000086080000, 0x00000000d5580000)
  object space 98816K, 99% used [0x0000000080000000,0x0000000086036de0,0x0000000086080000)
 Metaspace       used 52349K, committed 53568K, reserved 1114112K
  class space    used 5732K, committed 6208K, reserved 1048576K
}
Event: 6.569 GC heap before
{Heap before GC invocations=30 (full 2):
 PSYoungGen      total 23040K, used 8864K [0x00000000d5580000, 0x00000000d7800000, 0x0000000100000000)
  eden space 5120K, 100% used [0x00000000d5580000,0x00000000d5a80000,0x00000000d5a80000)
  from space 17920K, 20% used [0x00000000d5a80000,0x00000000d5e28000,0x00000000d6c00000)
  to   space 8192K, 0% used [0x00000000d7000000,0x00000000d7000000,0x00000000d7800000)
 ParOldGen       total 98816K, used 98525K [0x0000000080000000, 0x0000000086080000, 0x00000000d5580000)
  object space 98816K, 99% used [0x0000000080000000,0x00000000860376e0,0x0000000086080000)
 Metaspace       used 52349K, committed 53568K, reserved 1114112K
  class space    used 5732K, committed 6208K, reserved 1048576K
}
Event: 6.571 GC heap after
{Heap after GC invocations=30 (full 2):
 PSYoungGen      total 22016K, used 3015K [0x00000000d5580000, 0x00000000d7300000, 0x0000000100000000)
  eden space 18944K, 0% used [0x00000000d5580000,0x00000000d5580000,0x00000000d6800000)
  from space 3072K, 98% used [0x00000000d7000000,0x00000000d72f1e90,0x00000000d7300000)
  to   space 4096K, 0% used [0x00000000d6b00000,0x00000000d6b00000,0x00000000d6f00000)
 ParOldGen       total 102400K, used 102117K [0x0000000080000000, 0x0000000086400000, 0x00000000d5580000)
  object space 102400K, 99% used [0x0000000080000000,0x00000000863b96e0,0x0000000086400000)
 Metaspace       used 52349K, committed 53568K, reserved 1114112K
  class space    used 5732K, committed 6208K, reserved 1048576K
}
Event: 6.604 GC heap before
{Heap before GC invocations=31 (full 2):
 PSYoungGen      total 22016K, used 21959K [0x00000000d5580000, 0x00000000d7300000, 0x0000000100000000)
  eden space 18944K, 100% used [0x00000000d5580000,0x00000000d6800000,0x00000000d6800000)
  from space 3072K, 98% used [0x00000000d7000000,0x00000000d72f1e90,0x00000000d7300000)
  to   space 4096K, 0% used [0x00000000d6b00000,0x00000000d6b00000,0x00000000d6f00000)
 ParOldGen       total 102400K, used 102119K [0x0000000080000000, 0x0000000086400000, 0x00000000d5580000)
  object space 102400K, 99% used [0x0000000080000000,0x00000000863b9fb0,0x0000000086400000)
 Metaspace       used 52349K, committed 53568K, reserved 1114112K
  class space    used 5732K, committed 6208K, reserved 1048576K
}
Event: 6.612 GC heap after
{Heap after GC invocations=31 (full 2):
 PSYoungGen      total 23040K, used 4068K [0x00000000d5580000, 0x00000000d8c00000, 0x0000000100000000)
  eden space 18944K, 0% used [0x00000000d5580000,0x00000000d5580000,0x00000000d6800000)
  from space 4096K, 99% used [0x00000000d6b00000,0x00000000d6ef92e0,0x00000000d6f00000)
  to   space 18432K, 0% used [0x00000000d7a00000,0x00000000d7a00000,0x00000000d8c00000)
 ParOldGen       total 114176K, used 114119K [0x0000000080000000, 0x0000000086f80000, 0x00000000d5580000)
  object space 114176K, 99% used [0x0000000080000000,0x0000000086f71e40,0x0000000086f80000)
 Metaspace       used 52349K, committed 53568K, reserved 1114112K
  class space    used 5732K, committed 6208K, reserved 1048576K
}
Event: 5053.314 GC heap before
{Heap before GC invocations=32 (full 2):
 PSYoungGen      total 23040K, used 23012K [0x00000000d5580000, 0x00000000d8c00000, 0x0000000100000000)
  eden space 18944K, 100% used [0x00000000d5580000,0x00000000d6800000,0x00000000d6800000)
  from space 4096K, 99% used [0x00000000d6b00000,0x00000000d6ef92e0,0x00000000d6f00000)
  to   space 18432K, 0% used [0x00000000d7a00000,0x00000000d7a00000,0x00000000d8c00000)
 ParOldGen       total 114176K, used 114119K [0x0000000080000000, 0x0000000086f80000, 0x00000000d5580000)
  object space 114176K, 99% used [0x0000000080000000,0x0000000086f71e40,0x0000000086f80000)
 Metaspace       used 52929K, committed 54144K, reserved 1114112K
  class space    used 5784K, committed 6272K, reserved 1048576K
}
Event: 5053.327 GC heap after
{Heap after GC invocations=32 (full 2):
 PSYoungGen      total 25600K, used 6540K [0x00000000d5580000, 0x00000000d8080000, 0x0000000100000000)
  eden space 18944K, 0% used [0x00000000d5580000,0x00000000d5580000,0x00000000d6800000)
  from space 6656K, 98% used [0x00000000d7a00000,0x00000000d80632e0,0x00000000d8080000)
  to   space 10240K, 0% used [0x00000000d6c80000,0x00000000d6c80000,0x00000000d7680000)
 ParOldGen       total 118272K, used 118224K [0x0000000080000000, 0x0000000087380000, 0x00000000d5580000)
  object space 118272K, 99% used [0x0000000080000000,0x00000000873740b0,0x0000000087380000)
 Metaspace       used 52929K, committed 54144K, reserved 1114112K
  class space    used 5784K, committed 6272K, reserved 1048576K
}

